[0.716s] DEBUG:colcon:Command line arguments: ['/usr/bin/colcon', 'build', '--symlink-install']
[0.717s] DEBUG:colcon:Parsed command line arguments: Namespace(log_base=None, log_level=None, verb_name='build', build_base='build', install_base='install', merge_install=False, symlink_install=True, test_result_base=None, continue_on_error=False, executor='parallel', parallel_workers=4, event_handlers=None, ignore_user_meta=False, metas=['./colcon.meta'], base_paths=['.'], packages_ignore=None, packages_ignore_regex=None, paths=None, packages_up_to=None, packages_up_to_regex=None, packages_above=None, packages_above_and_dependencies=None, packages_above_depth=None, packages_select_by_dep=None, packages_skip_by_dep=None, packages_skip_up_to=None, packages_select_build_failed=False, packages_skip_build_finished=False, packages_select_test_failures=False, packages_skip_test_passed=False, packages_select=None, packages_skip=None, packages_select_regex=None, packages_skip_regex=None, packages_start=None, packages_end=None, allow_overriding=[], cmake_args=None, cmake_target=None, cmake_target_skip_unavailable=False, cmake_clean_cache=False, cmake_clean_first=False, cmake_force_configure=False, ament_cmake_args=None, catkin_cmake_args=None, catkin_skip_building_tests=False, verb_parser=<colcon_defaults.argument_parser.defaults.DefaultArgumentsDecorator object at 0xffffb38ba980>, verb_extension=<colcon_core.verb.build.BuildVerb object at 0xffffb38ba410>, main=<bound method BuildVerb.main of <colcon_core.verb.build.BuildVerb object at 0xffffb38ba410>>)
[0.825s] Level 1:colcon.colcon_core.package_discovery:discover_packages(colcon_meta) check parameters
[0.826s] Level 1:colcon.colcon_core.package_discovery:discover_packages(recursive) check parameters
[0.826s] Level 1:colcon.colcon_core.package_discovery:discover_packages(ignore) check parameters
[0.827s] Level 1:colcon.colcon_core.package_discovery:discover_packages(path) check parameters
[0.827s] Level 1:colcon.colcon_core.package_discovery:discover_packages(colcon_meta) discover
[0.827s] Level 1:colcon.colcon_core.package_discovery:discover_packages(recursive) discover
[0.827s] INFO:colcon.colcon_core.package_discovery:Crawling recursively for packages in '/home/atlas/atlas_ws'
[0.828s] Level 1:colcon.colcon_core.package_identification:_identify(.) by extensions ['ignore', 'ignore_ament_install']
[0.828s] Level 1:colcon.colcon_core.package_identification:_identify(.) by extension 'ignore'
[0.829s] Level 1:colcon.colcon_core.package_identification:_identify(.) by extension 'ignore_ament_install'
[0.829s] Level 1:colcon.colcon_core.package_identification:_identify(.) by extensions ['colcon_pkg']
[0.829s] Level 1:colcon.colcon_core.package_identification:_identify(.) by extension 'colcon_pkg'
[0.829s] Level 1:colcon.colcon_core.package_identification:_identify(.) by extensions ['colcon_meta']
[0.830s] Level 1:colcon.colcon_core.package_identification:_identify(.) by extension 'colcon_meta'
[0.830s] Level 1:colcon.colcon_core.package_identification:_identify(.) by extensions ['ros']
[0.830s] Level 1:colcon.colcon_core.package_identification:_identify(.) by extension 'ros'
[0.914s] Level 1:colcon.colcon_core.package_identification:_identify(.) by extensions ['cmake', 'python']
[0.915s] Level 1:colcon.colcon_core.package_identification:_identify(.) by extension 'cmake'
[0.915s] Level 1:colcon.colcon_core.package_identification:_identify(.) by extension 'python'
[0.915s] Level 1:colcon.colcon_core.package_identification:_identify(.) by extensions ['python_setup_py']
[0.916s] Level 1:colcon.colcon_core.package_identification:_identify(.) by extension 'python_setup_py'
[0.916s] Level 1:colcon.colcon_core.package_identification:_identify(build) by extensions ['ignore', 'ignore_ament_install']
[0.917s] Level 1:colcon.colcon_core.package_identification:_identify(build) by extension 'ignore'
[0.917s] Level 1:colcon.colcon_core.package_identification:_identify(build) ignored
[0.918s] Level 1:colcon.colcon_core.package_identification:_identify(install) by extensions ['ignore', 'ignore_ament_install']
[0.918s] Level 1:colcon.colcon_core.package_identification:_identify(install) by extension 'ignore'
[0.918s] Level 1:colcon.colcon_core.package_identification:_identify(install) ignored
[0.919s] Level 1:colcon.colcon_core.package_identification:_identify(log) by extensions ['ignore', 'ignore_ament_install']
[0.919s] Level 1:colcon.colcon_core.package_identification:_identify(log) by extension 'ignore'
[0.919s] Level 1:colcon.colcon_core.package_identification:_identify(log) ignored
[0.920s] Level 1:colcon.colcon_core.package_identification:_identify(src) by extensions ['ignore', 'ignore_ament_install']
[0.920s] Level 1:colcon.colcon_core.package_identification:_identify(src) by extension 'ignore'
[0.920s] Level 1:colcon.colcon_core.package_identification:_identify(src) by extension 'ignore_ament_install'
[0.921s] Level 1:colcon.colcon_core.package_identification:_identify(src) by extensions ['colcon_pkg']
[0.921s] Level 1:colcon.colcon_core.package_identification:_identify(src) by extension 'colcon_pkg'
[0.921s] Level 1:colcon.colcon_core.package_identification:_identify(src) by extensions ['colcon_meta']
[0.921s] Level 1:colcon.colcon_core.package_identification:_identify(src) by extension 'colcon_meta'
[0.922s] Level 1:colcon.colcon_core.package_identification:_identify(src) by extensions ['ros']
[0.922s] Level 1:colcon.colcon_core.package_identification:_identify(src) by extension 'ros'
[0.922s] Level 1:colcon.colcon_core.package_identification:_identify(src) by extensions ['cmake', 'python']
[0.922s] Level 1:colcon.colcon_core.package_identification:_identify(src) by extension 'cmake'
[0.923s] Level 1:colcon.colcon_core.package_identification:_identify(src) by extension 'python'
[0.923s] Level 1:colcon.colcon_core.package_identification:_identify(src) by extensions ['python_setup_py']
[0.923s] Level 1:colcon.colcon_core.package_identification:_identify(src) by extension 'python_setup_py'
[0.923s] Level 1:colcon.colcon_core.package_identification:_identify(src/atlas_basic) by extensions ['ignore', 'ignore_ament_install']
[0.924s] Level 1:colcon.colcon_core.package_identification:_identify(src/atlas_basic) by extension 'ignore'
[0.924s] Level 1:colcon.colcon_core.package_identification:_identify(src/atlas_basic) by extension 'ignore_ament_install'
[0.924s] Level 1:colcon.colcon_core.package_identification:_identify(src/atlas_basic) by extensions ['colcon_pkg']
[0.925s] Level 1:colcon.colcon_core.package_identification:_identify(src/atlas_basic) by extension 'colcon_pkg'
[0.925s] Level 1:colcon.colcon_core.package_identification:_identify(src/atlas_basic) by extensions ['colcon_meta']
[0.925s] Level 1:colcon.colcon_core.package_identification:_identify(src/atlas_basic) by extension 'colcon_meta'
[0.925s] Level 1:colcon.colcon_core.package_identification:_identify(src/atlas_basic) by extensions ['ros']
[0.925s] Level 1:colcon.colcon_core.package_identification:_identify(src/atlas_basic) by extension 'ros'
[0.935s] DEBUG:colcon.colcon_core.package_identification:Package 'src/atlas_basic' with type 'ros.ament_python' and name 'atlas_basic'
[0.935s] Level 1:colcon.colcon_core.package_discovery:discover_packages(recursive) using defaults
[0.936s] Level 1:colcon.colcon_core.package_discovery:discover_packages(ignore) discover
[0.936s] Level 1:colcon.colcon_core.package_discovery:discover_packages(ignore) using defaults
[0.936s] Level 1:colcon.colcon_core.package_discovery:discover_packages(path) discover
[0.936s] Level 1:colcon.colcon_core.package_discovery:discover_packages(path) using defaults
[1.043s] Level 1:colcon.colcon_core.package_discovery:discover_packages(prefix_path) check parameters
[1.044s] Level 1:colcon.colcon_core.package_discovery:discover_packages(prefix_path) discover
[1.060s] DEBUG:colcon.colcon_installed_package_information.package_discovery:Found 1 installed packages in /home/atlas/atlas_ws/install
[1.070s] DEBUG:colcon.colcon_installed_package_information.package_discovery:Found 180 installed packages in /opt/ros/humble
[1.075s] Level 1:colcon.colcon_core.package_discovery:discover_packages(prefix_path) using defaults
[1.274s] Level 5:colcon.colcon_core.verb:set package 'atlas_basic' build argument 'cmake_args' from command line to 'None'
[1.274s] Level 5:colcon.colcon_core.verb:set package 'atlas_basic' build argument 'cmake_target' from command line to 'None'
[1.274s] Level 5:colcon.colcon_core.verb:set package 'atlas_basic' build argument 'cmake_target_skip_unavailable' from command line to 'False'
[1.275s] Level 5:colcon.colcon_core.verb:set package 'atlas_basic' build argument 'cmake_clean_cache' from command line to 'False'
[1.275s] Level 5:colcon.colcon_core.verb:set package 'atlas_basic' build argument 'cmake_clean_first' from command line to 'False'
[1.275s] Level 5:colcon.colcon_core.verb:set package 'atlas_basic' build argument 'cmake_force_configure' from command line to 'False'
[1.275s] Level 5:colcon.colcon_core.verb:set package 'atlas_basic' build argument 'ament_cmake_args' from command line to 'None'
[1.275s] Level 5:colcon.colcon_core.verb:set package 'atlas_basic' build argument 'catkin_cmake_args' from command line to 'None'
[1.275s] Level 5:colcon.colcon_core.verb:set package 'atlas_basic' build argument 'catkin_skip_building_tests' from command line to 'False'
[1.276s] DEBUG:colcon.colcon_core.verb:Building package 'atlas_basic' with the following arguments: {'ament_cmake_args': None, 'build_base': '/home/atlas/atlas_ws/build/atlas_basic', 'catkin_cmake_args': None, 'catkin_skip_building_tests': False, 'cmake_args': None, 'cmake_clean_cache': False, 'cmake_clean_first': False, 'cmake_force_configure': False, 'cmake_target': None, 'cmake_target_skip_unavailable': False, 'install_base': '/home/atlas/atlas_ws/install/atlas_basic', 'merge_install': False, 'path': '/home/atlas/atlas_ws/src/atlas_basic', 'symlink_install': True, 'test_result_base': None}
[1.279s] INFO:colcon.colcon_core.executor:Executing jobs using 'parallel' executor
[1.300s] DEBUG:colcon.colcon_parallel_executor.executor.parallel:run_until_complete
[1.301s] INFO:colcon.colcon_ros.task.ament_python.build:Building ROS package in '/home/atlas/atlas_ws/src/atlas_basic' with build type 'ament_python'
[1.302s] Level 1:colcon.colcon_core.shell:create_environment_hook('atlas_basic', 'ament_prefix_path')
[1.332s] INFO:colcon.colcon_core.plugin_system:Skipping extension 'colcon_core.shell.bat': Not used on non-Windows systems
[1.333s] INFO:colcon.colcon_core.shell:Creating environment hook '/home/atlas/atlas_ws/install/atlas_basic/share/atlas_basic/hook/ament_prefix_path.ps1'
[1.337s] INFO:colcon.colcon_core.shell:Creating environment descriptor '/home/atlas/atlas_ws/install/atlas_basic/share/atlas_basic/hook/ament_prefix_path.dsv'
[1.342s] INFO:colcon.colcon_core.shell:Creating environment hook '/home/atlas/atlas_ws/install/atlas_basic/share/atlas_basic/hook/ament_prefix_path.sh'
[1.353s] INFO:colcon.colcon_core.shell:Skip shell extension 'powershell' for command environment: Not usable outside of PowerShell
[1.354s] DEBUG:colcon.colcon_core.shell:Skip shell extension 'dsv' for command environment
[3.067s] INFO:colcon.colcon_core.task.python.build:Building Python package in '/home/atlas/atlas_ws/src/atlas_basic'
[3.073s] INFO:colcon.colcon_core.shell:Skip shell extension 'powershell' for command environment: Not usable outside of PowerShell
[3.074s] DEBUG:colcon.colcon_core.shell:Skip shell extension 'dsv' for command environment
[5.747s] DEBUG:colcon.colcon_core.event_handler.log_command:Invoking command in '/home/atlas/atlas_ws/build/atlas_basic': PYTHONPATH=/home/atlas/atlas_ws/install/atlas_basic/lib/python3.10/site-packages:${PYTHONPATH} /usr/bin/python3 setup.py develop --prefix /home/atlas/atlas_ws/install/atlas_basic --editable --build-directory /home/atlas/atlas_ws/build/atlas_basic/build --no-deps install_data --install-dir /home/atlas/atlas_ws/install/atlas_basic
[8.651s] Level 1:colcon.colcon_core.shell:create_environment_hook('atlas_basic', 'pythonpath_develop')
[8.657s] INFO:colcon.colcon_core.shell:Creating environment hook '/home/atlas/atlas_ws/build/atlas_basic/share/atlas_basic/hook/pythonpath_develop.ps1'
[8.658s] DEBUG:colcon.colcon_core.event_handler.log_command:Invoked command in '/home/atlas/atlas_ws/build/atlas_basic' returned '0': PYTHONPATH=/home/atlas/atlas_ws/install/atlas_basic/lib/python3.10/site-packages:${PYTHONPATH} /usr/bin/python3 setup.py develop --prefix /home/atlas/atlas_ws/install/atlas_basic --editable --build-directory /home/atlas/atlas_ws/build/atlas_basic/build --no-deps install_data --install-dir /home/atlas/atlas_ws/install/atlas_basic
[8.660s] INFO:colcon.colcon_core.shell:Creating environment descriptor '/home/atlas/atlas_ws/build/atlas_basic/share/atlas_basic/hook/pythonpath_develop.dsv'
[8.662s] INFO:colcon.colcon_core.shell:Creating environment hook '/home/atlas/atlas_ws/build/atlas_basic/share/atlas_basic/hook/pythonpath_develop.sh'
[8.695s] Level 1:colcon.colcon_core.environment:checking '/home/atlas/atlas_ws/install/atlas_basic' for CMake module files
[8.698s] Level 1:colcon.colcon_core.environment:checking '/home/atlas/atlas_ws/install/atlas_basic' for CMake config files
[8.702s] Level 1:colcon.colcon_core.environment:checking '/home/atlas/atlas_ws/install/atlas_basic/lib'
[8.703s] Level 1:colcon.colcon_core.environment:checking '/home/atlas/atlas_ws/install/atlas_basic/bin'
[8.703s] Level 1:colcon.colcon_core.environment:checking '/home/atlas/atlas_ws/install/atlas_basic/lib/pkgconfig/atlas_basic.pc'
[8.704s] Level 1:colcon.colcon_core.environment:checking '/home/atlas/atlas_ws/install/atlas_basic/lib/python3.10/site-packages'
[8.705s] Level 1:colcon.colcon_core.shell:create_environment_hook('atlas_basic', 'pythonpath')
[8.710s] INFO:colcon.colcon_core.shell:Creating environment hook '/home/atlas/atlas_ws/install/atlas_basic/share/atlas_basic/hook/pythonpath.ps1'
[8.713s] INFO:colcon.colcon_core.shell:Creating environment descriptor '/home/atlas/atlas_ws/install/atlas_basic/share/atlas_basic/hook/pythonpath.dsv'
[8.716s] INFO:colcon.colcon_core.shell:Creating environment hook '/home/atlas/atlas_ws/install/atlas_basic/share/atlas_basic/hook/pythonpath.sh'
[8.718s] Level 1:colcon.colcon_core.environment:checking '/home/atlas/atlas_ws/install/atlas_basic/bin'
[8.719s] Level 1:colcon.colcon_core.environment:create_environment_scripts_only(atlas_basic)
[8.725s] INFO:colcon.colcon_core.shell:Creating package script '/home/atlas/atlas_ws/install/atlas_basic/share/atlas_basic/package.ps1'
[8.730s] INFO:colcon.colcon_core.shell:Creating package descriptor '/home/atlas/atlas_ws/install/atlas_basic/share/atlas_basic/package.dsv'
[8.735s] INFO:colcon.colcon_core.shell:Creating package script '/home/atlas/atlas_ws/install/atlas_basic/share/atlas_basic/package.sh'
[8.740s] INFO:colcon.colcon_core.shell:Creating package script '/home/atlas/atlas_ws/install/atlas_basic/share/atlas_basic/package.bash'
[8.746s] INFO:colcon.colcon_core.shell:Creating package script '/home/atlas/atlas_ws/install/atlas_basic/share/atlas_basic/package.zsh'
[8.751s] Level 1:colcon.colcon_core.environment:create_file_with_runtime_dependencies(/home/atlas/atlas_ws/install/atlas_basic/share/colcon-core/packages/atlas_basic)
[8.753s] DEBUG:colcon.colcon_parallel_executor.executor.parallel:closing loop
[8.754s] DEBUG:colcon.colcon_parallel_executor.executor.parallel:loop closed
[8.754s] DEBUG:colcon.colcon_parallel_executor.executor.parallel:run_until_complete finished with '0'
[8.755s] DEBUG:colcon.colcon_core.event_reactor:joining thread
[8.795s] INFO:colcon.colcon_core.plugin_system:Skipping extension 'colcon_notification.desktop_notification.notify_send': Could not find 'notify-send'
[8.796s] INFO:colcon.colcon_core.plugin_system:Skipping extension 'colcon_notification.desktop_notification.terminal_notifier': Not used on non-Darwin systems
[8.796s] INFO:colcon.colcon_core.plugin_system:Skipping extension 'colcon_notification.desktop_notification.win32': Not used on non-Windows systems
[8.797s] INFO:colcon.colcon_notification.desktop_notification:Sending desktop notification using 'notify2'
[8.827s] DEBUG:colcon.colcon_notification.desktop_notification.notify2:Failed to initialize notify2: org.freedesktop.DBus.Error.ServiceUnknown: The name org.freedesktop.Notifications was not provided by any .service files
[8.828s] DEBUG:colcon.colcon_core.event_reactor:joined thread
[8.835s] INFO:colcon.colcon_core.shell:Creating prefix script '/home/atlas/atlas_ws/install/local_setup.ps1'
[8.841s] INFO:colcon.colcon_core.shell:Creating prefix util module '/home/atlas/atlas_ws/install/_local_setup_util_ps1.py'
[8.850s] INFO:colcon.colcon_core.shell:Creating prefix chain script '/home/atlas/atlas_ws/install/setup.ps1'
[8.859s] INFO:colcon.colcon_core.shell:Creating prefix script '/home/atlas/atlas_ws/install/local_setup.sh'
[8.864s] INFO:colcon.colcon_core.shell:Creating prefix util module '/home/atlas/atlas_ws/install/_local_setup_util_sh.py'
[8.867s] INFO:colcon.colcon_core.shell:Creating prefix chain script '/home/atlas/atlas_ws/install/setup.sh'
[8.874s] INFO:colcon.colcon_core.shell:Creating prefix script '/home/atlas/atlas_ws/install/local_setup.bash'
[8.879s] INFO:colcon.colcon_core.shell:Creating prefix chain script '/home/atlas/atlas_ws/install/setup.bash'
[8.887s] INFO:colcon.colcon_core.shell:Creating prefix script '/home/atlas/atlas_ws/install/local_setup.zsh'
[8.891s] INFO:colcon.colcon_core.shell:Creating prefix chain script '/home/atlas/atlas_ws/install/setup.zsh'
