[3.342s] Invoking command in '/home/atlas/atlas_ws/build/atlas_basic': PYTHONPATH=/home/atlas/atlas_ws/install/atlas_basic/lib/python3.10/site-packages:${PYTHONPATH} /usr/bin/python3 setup.py develop --prefix /home/atlas/atlas_ws/install/atlas_basic --editable --build-directory /home/atlas/atlas_ws/build/atlas_basic/build --no-deps install_data --install-dir /home/atlas/atlas_ws/install/atlas_basic
[4.597s] running develop
[5.363s] running egg_info
[5.364s] writing atlas_basic.egg-info/PKG-INFO
[5.365s] writing dependency_links to atlas_basic.egg-info/dependency_links.txt
[5.366s] writing entry points to atlas_basic.egg-info/entry_points.txt
[5.368s] writing requirements to atlas_basic.egg-info/requires.txt
[5.368s] writing top-level names to atlas_basic.egg-info/top_level.txt
[5.376s] reading manifest file 'atlas_basic.egg-info/SOURCES.txt'
[5.380s] writing manifest file 'atlas_basic.egg-info/SOURCES.txt'
[5.386s] running build_ext
[5.386s] Creating /home/atlas/atlas_ws/install/atlas_basic/lib/python3.10/site-packages/atlas-basic.egg-link (link to .)
[5.390s] Installing odometry script to /home/atlas/atlas_ws/install/atlas_basic/lib/atlas_basic
[5.391s] Installing teleop script to /home/atlas/atlas_ws/install/atlas_basic/lib/atlas_basic
[5.392s] Installing wheel_control script to /home/atlas/atlas_ws/install/atlas_basic/lib/atlas_basic
[5.394s] 
[5.394s] Installed /home/atlas/atlas_ws/build/atlas_basic
[5.395s] running install_data
[5.396s] warning: install_data: setup script did not provide a directory for 'launch/launch_teleop.py' -- installing right in '/home/atlas/atlas_ws/install/atlas_basic'
[5.397s] 
[5.398s] copying launch/launch_teleop.py -> /home/atlas/atlas_ws/install/atlas_basic
[5.538s] Invoked command in '/home/atlas/atlas_ws/build/atlas_basic' returned '0': PYTHONPATH=/home/atlas/atlas_ws/install/atlas_basic/lib/python3.10/site-packages:${PYTHONPATH} /usr/bin/python3 setup.py develop --prefix /home/atlas/atlas_ws/install/atlas_basic --editable --build-directory /home/atlas/atlas_ws/build/atlas_basic/build --no-deps install_data --install-dir /home/atlas/atlas_ws/install/atlas_basic
