[2.781s] Invoking command in '/home/atlas/atlas_ws/src/atlas_basic': PYTHONPATH=/home/atlas/atlas_ws/install/atlas_basic/lib/python3.10/site-packages:${PYTHONPATH} /usr/bin/python3 setup.py egg_info --egg-base ../../build/atlas_basic build --build-base /home/atlas/atlas_ws/build/atlas_basic/build install --prefix /home/atlas/atlas_ws/install/atlas_basic --record /home/atlas/atlas_ws/build/atlas_basic/install.log --single-version-externally-managed
[3.828s] running egg_info
[3.830s] writing ../../build/atlas_basic/atlas_basic.egg-info/PKG-INFO
[3.832s] writing dependency_links to ../../build/atlas_basic/atlas_basic.egg-info/dependency_links.txt
[3.833s] writing entry points to ../../build/atlas_basic/atlas_basic.egg-info/entry_points.txt
[3.834s] writing requirements to ../../build/atlas_basic/atlas_basic.egg-info/requires.txt
[3.835s] writing top-level names to ../../build/atlas_basic/atlas_basic.egg-info/top_level.txt
[3.843s] reading manifest file '../../build/atlas_basic/atlas_basic.egg-info/SOURCES.txt'
[3.847s] writing manifest file '../../build/atlas_basic/atlas_basic.egg-info/SOURCES.txt'
[3.848s] running build
[3.849s] running build_py
[3.850s] running install
[3.851s] /usr/lib/python3/dist-packages/setuptools/command/install.py:34: SetuptoolsDeprecationWarning: setup.py install is deprecated. Use build and pip and other standards-based tools.
[3.852s]   warnings.warn(
[3.853s] running install_lib
[3.858s] running install_data
[3.861s] running install_egg_info
[3.867s] removing '/home/atlas/atlas_ws/install/atlas_basic/lib/python3.10/site-packages/atlas_basic-0.0.0-py3.10.egg-info' (and everything under it)
[3.869s] Copying ../../build/atlas_basic/atlas_basic.egg-info to /home/atlas/atlas_ws/install/atlas_basic/lib/python3.10/site-packages/atlas_basic-0.0.0-py3.10.egg-info
[3.876s] running install_scripts
[3.960s] Installing hello_world script to /home/atlas/atlas_ws/install/atlas_basic/lib/atlas_basic
[3.962s] writing list of installed files to '/home/atlas/atlas_ws/build/atlas_basic/install.log'
[4.076s] Invoked command in '/home/atlas/atlas_ws/src/atlas_basic' returned '0': PYTHONPATH=/home/atlas/atlas_ws/install/atlas_basic/lib/python3.10/site-packages:${PYTHONPATH} /usr/bin/python3 setup.py egg_info --egg-base ../../build/atlas_basic build --build-base /home/atlas/atlas_ws/build/atlas_basic/build install --prefix /home/atlas/atlas_ws/install/atlas_basic --record /home/atlas/atlas_ws/build/atlas_basic/install.log --single-version-externally-managed
