[0.000000] (-) TimerEvent: {}
[0.001118] (atlas_basic) JobQueued: {'identifier': 'atlas_basic', 'dependencies': OrderedDict()}
[0.002704] (atlas_basic) JobStarted: {'identifier': 'atlas_basic'}
[0.099535] (-) TimerEvent: {}
[0.200520] (-) TimerEvent: {}
[0.303431] (-) TimerEvent: {}
[0.404494] (-) TimerEvent: {}
[0.505364] (-) TimerEvent: {}
[0.606244] (-) TimerEvent: {}
[0.707113] (-) TimerEvent: {}
[0.809385] (-) TimerEvent: {}
[0.912521] (-) TimerEvent: {}
[1.013813] (-) TimerEvent: {}
[1.115051] (-) TimerEvent: {}
[1.216067] (-) TimerEvent: {}
[1.320178] (-) TimerEvent: {}
[1.420986] (-) TimerEvent: {}
[1.521934] (-) TimerEvent: {}
[1.624698] (-) TimerEvent: {}
[1.725997] (-) TimerEvent: {}
[1.827408] (-) TimerEvent: {}
[1.928757] (-) TimerEvent: {}
[2.029633] (-) TimerEvent: {}
[2.131417] (-) TimerEvent: {}
[2.234339] (-) TimerEvent: {}
[2.336650] (-) TimerEvent: {}
[2.437369] (-) TimerEvent: {}
[2.538089] (-) TimerEvent: {}
[2.638823] (-) TimerEvent: {}
[2.739506] (-) TimerEvent: {}
[2.840261] (-) TimerEvent: {}
[2.943075] (-) TimerEvent: {}
[3.043809] (-) TimerEvent: {}
[3.144534] (-) TimerEvent: {}
[3.245246] (-) TimerEvent: {}
[3.345947] (-) TimerEvent: {}
[3.446801] (-) TimerEvent: {}
[3.548020] (-) TimerEvent: {}
[3.594802] (atlas_basic) StderrLine: {'line': b'Traceback (most recent call last):\n  File "/usr/lib/python3/dist-packages/colcon_core/executor/__init__.py", line 91, in __call__\n    rc = await self.task(*args, **kwargs)\n  File "/usr/lib/python3/dist-packages/colcon_core/task/__init__.py", line 93, in __call__\n    return await task_method(*args, **kwargs)\n  File "/usr/lib/python3/dist-packages/colcon_ros/task/ament_python/build.py", line 105, in build\n    return await extension.build(additional_hooks=additional_hooks)\n  File "/usr/lib/python3/dist-packages/colcon_core/task/python/build.py", line 95, in build\n    temp_symlinks = self._symlinks_in_build(args, setup_py_data)\n  File "/usr/lib/python3/dist-packages/colcon_core/task/python/build.py", line 293, in _symlinks_in_build\n    os.symlink(src, dst)\nFileNotFoundError: [Errno 2] No such file or directory: \'/home/atlas/atlas_ws/src/atlas_basic/launch/\' -> \'/home/atlas/atlas_ws/build/atlas_basic/launch/\'\n'}
[3.597452] (atlas_basic) JobEnded: {'identifier': 'atlas_basic', 'rc': 1}
[3.606604] (-) EventReactorShutdown: {}
