[1.020s] DEBUG:colcon:Command line arguments: ['/usr/bin/colcon', 'list', '-p', '--base-paths', '/home/atlas/atlas_ws']
[1.021s] DEBUG:colcon:Parsed command line arguments: Namespace(log_base=None, log_level=None, verb_name='list', build_base='build', ignore_user_meta=False, metas=['./colcon.meta'], base_paths=['/home/atlas/atlas_ws'], packages_ignore=None, packages_ignore_regex=None, paths=None, packages_up_to=None, packages_up_to_regex=None, packages_above=None, packages_above_and_dependencies=None, packages_above_depth=None, packages_select_by_dep=None, packages_skip_by_dep=None, packages_skip_up_to=None, packages_select_build_failed=False, packages_skip_build_finished=False, packages_select_test_failures=False, packages_skip_test_passed=False, packages_select=None, packages_skip=None, packages_select_regex=None, packages_skip_regex=None, packages_start=None, packages_end=None, allow_overriding=[], topological_order=False, names_only=False, paths_only=True, topological_graph=False, topological_graph_dot=False, topological_graph_density=False, topological_graph_legend=False, topological_graph_dot_cluster=False, topological_graph_dot_include_skipped=False, verb_parser=<colcon_defaults.argument_parser.defaults.DefaultArgumentsDecorator object at 0xffffa687e380>, verb_extension=<colcon_package_information.verb.list.ListVerb object at 0xffffa70d6080>, main=<bound method ListVerb.main of <colcon_package_information.verb.list.ListVerb object at 0xffffa70d6080>>)
[1.259s] Level 1:colcon.colcon_core.package_discovery:discover_packages(colcon_meta) check parameters
[1.260s] Level 1:colcon.colcon_core.package_discovery:discover_packages(recursive) check parameters
[1.260s] Level 1:colcon.colcon_core.package_discovery:discover_packages(ignore) check parameters
[1.261s] Level 1:colcon.colcon_core.package_discovery:discover_packages(path) check parameters
[1.261s] Level 1:colcon.colcon_core.package_discovery:discover_packages(recursive) discover
[1.262s] INFO:colcon.colcon_core.package_discovery:Crawling recursively for packages in '/home/atlas/atlas_ws'
[1.263s] Level 1:colcon.colcon_core.package_identification:_identify(/home/atlas/atlas_ws) by extensions ['ignore', 'ignore_ament_install']
[1.264s] Level 1:colcon.colcon_core.package_identification:_identify(/home/atlas/atlas_ws) by extension 'ignore'
[1.264s] Level 1:colcon.colcon_core.package_identification:_identify(/home/atlas/atlas_ws) by extension 'ignore_ament_install'
[1.265s] Level 1:colcon.colcon_core.package_identification:_identify(/home/atlas/atlas_ws) by extensions ['colcon_pkg']
[1.265s] Level 1:colcon.colcon_core.package_identification:_identify(/home/atlas/atlas_ws) by extension 'colcon_pkg'
[1.266s] Level 1:colcon.colcon_core.package_identification:_identify(/home/atlas/atlas_ws) by extensions ['colcon_meta']
[1.266s] Level 1:colcon.colcon_core.package_identification:_identify(/home/atlas/atlas_ws) by extension 'colcon_meta'
[1.267s] Level 1:colcon.colcon_core.package_identification:_identify(/home/atlas/atlas_ws) by extensions ['ros']
[1.267s] Level 1:colcon.colcon_core.package_identification:_identify(/home/atlas/atlas_ws) by extension 'ros'
[1.354s] Level 1:colcon.colcon_core.package_identification:_identify(/home/atlas/atlas_ws) by extensions ['cmake', 'python']
[1.355s] Level 1:colcon.colcon_core.package_identification:_identify(/home/atlas/atlas_ws) by extension 'cmake'
[1.357s] Level 1:colcon.colcon_core.package_identification:_identify(/home/atlas/atlas_ws) by extension 'python'
[1.358s] Level 1:colcon.colcon_core.package_identification:_identify(/home/atlas/atlas_ws) by extensions ['python_setup_py']
[1.359s] Level 1:colcon.colcon_core.package_identification:_identify(/home/atlas/atlas_ws) by extension 'python_setup_py'
[1.361s] Level 1:colcon.colcon_core.package_identification:_identify(/home/atlas/atlas_ws/build) by extensions ['ignore', 'ignore_ament_install']
[1.362s] Level 1:colcon.colcon_core.package_identification:_identify(/home/atlas/atlas_ws/build) by extension 'ignore'
[1.363s] Level 1:colcon.colcon_core.package_identification:_identify(/home/atlas/atlas_ws/build) ignored
[1.365s] Level 1:colcon.colcon_core.package_identification:_identify(/home/atlas/atlas_ws/install) by extensions ['ignore', 'ignore_ament_install']
[1.366s] Level 1:colcon.colcon_core.package_identification:_identify(/home/atlas/atlas_ws/install) by extension 'ignore'
[1.367s] Level 1:colcon.colcon_core.package_identification:_identify(/home/atlas/atlas_ws/install) ignored
[1.369s] Level 1:colcon.colcon_core.package_identification:_identify(/home/atlas/atlas_ws/log) by extensions ['ignore', 'ignore_ament_install']
[1.371s] Level 1:colcon.colcon_core.package_identification:_identify(/home/atlas/atlas_ws/log) by extension 'ignore'
[1.372s] Level 1:colcon.colcon_core.package_identification:_identify(/home/atlas/atlas_ws/log) ignored
[1.374s] Level 1:colcon.colcon_core.package_identification:_identify(/home/atlas/atlas_ws/src) by extensions ['ignore', 'ignore_ament_install']
[1.375s] Level 1:colcon.colcon_core.package_identification:_identify(/home/atlas/atlas_ws/src) by extension 'ignore'
[1.376s] Level 1:colcon.colcon_core.package_identification:_identify(/home/atlas/atlas_ws/src) by extension 'ignore_ament_install'
[1.377s] Level 1:colcon.colcon_core.package_identification:_identify(/home/atlas/atlas_ws/src) by extensions ['colcon_pkg']
[1.378s] Level 1:colcon.colcon_core.package_identification:_identify(/home/atlas/atlas_ws/src) by extension 'colcon_pkg'
[1.379s] Level 1:colcon.colcon_core.package_identification:_identify(/home/atlas/atlas_ws/src) by extensions ['colcon_meta']
[1.380s] Level 1:colcon.colcon_core.package_identification:_identify(/home/atlas/atlas_ws/src) by extension 'colcon_meta'
[1.381s] Level 1:colcon.colcon_core.package_identification:_identify(/home/atlas/atlas_ws/src) by extensions ['ros']
[1.382s] Level 1:colcon.colcon_core.package_identification:_identify(/home/atlas/atlas_ws/src) by extension 'ros'
[1.384s] Level 1:colcon.colcon_core.package_identification:_identify(/home/atlas/atlas_ws/src) by extensions ['cmake', 'python']
[1.385s] Level 1:colcon.colcon_core.package_identification:_identify(/home/atlas/atlas_ws/src) by extension 'cmake'
[1.386s] Level 1:colcon.colcon_core.package_identification:_identify(/home/atlas/atlas_ws/src) by extension 'python'
[1.388s] Level 1:colcon.colcon_core.package_identification:_identify(/home/atlas/atlas_ws/src) by extensions ['python_setup_py']
[1.389s] Level 1:colcon.colcon_core.package_identification:_identify(/home/atlas/atlas_ws/src) by extension 'python_setup_py'
[1.390s] Level 1:colcon.colcon_core.package_identification:_identify(/home/atlas/atlas_ws/src/atlas_basic) by extensions ['ignore', 'ignore_ament_install']
[1.392s] Level 1:colcon.colcon_core.package_identification:_identify(/home/atlas/atlas_ws/src/atlas_basic) by extension 'ignore'
[1.393s] Level 1:colcon.colcon_core.package_identification:_identify(/home/atlas/atlas_ws/src/atlas_basic) by extension 'ignore_ament_install'
[1.395s] Level 1:colcon.colcon_core.package_identification:_identify(/home/atlas/atlas_ws/src/atlas_basic) by extensions ['colcon_pkg']
[1.396s] Level 1:colcon.colcon_core.package_identification:_identify(/home/atlas/atlas_ws/src/atlas_basic) by extension 'colcon_pkg'
[1.398s] Level 1:colcon.colcon_core.package_identification:_identify(/home/atlas/atlas_ws/src/atlas_basic) by extensions ['colcon_meta']
[1.399s] Level 1:colcon.colcon_core.package_identification:_identify(/home/atlas/atlas_ws/src/atlas_basic) by extension 'colcon_meta'
[1.400s] Level 1:colcon.colcon_core.package_identification:_identify(/home/atlas/atlas_ws/src/atlas_basic) by extensions ['ros']
[1.401s] Level 1:colcon.colcon_core.package_identification:_identify(/home/atlas/atlas_ws/src/atlas_basic) by extension 'ros'
[1.462s] DEBUG:colcon.colcon_core.package_identification:Package '/home/atlas/atlas_ws/src/atlas_basic' with type 'ros.ament_python' and name 'atlas_basic'
[1.463s] Level 1:colcon.colcon_core.package_discovery:discover_packages(recursive) using defaults
