[3.334s] Invoking command in '/home/atlas/atlas_ws/build/atlas_basic': PYTHONPATH=/home/atlas/atlas_ws/install/atlas_basic/lib/python3.10/site-packages:${PYTHONPATH} /usr/bin/python3 setup.py develop --prefix /home/atlas/atlas_ws/install/atlas_basic --editable --build-directory /home/atlas/atlas_ws/build/atlas_basic/build --no-deps install_data --install-dir /home/atlas/atlas_ws/install/atlas_basic
[4.607s] running develop
[5.285s] running egg_info
[5.285s] writing atlas_basic.egg-info/PKG-INFO
[5.286s] writing dependency_links to atlas_basic.egg-info/dependency_links.txt
[5.287s] writing entry points to atlas_basic.egg-info/entry_points.txt
[5.288s] writing requirements to atlas_basic.egg-info/requires.txt
[5.289s] writing top-level names to atlas_basic.egg-info/top_level.txt
[5.298s] reading manifest file 'atlas_basic.egg-info/SOURCES.txt'
[5.301s] writing manifest file 'atlas_basic.egg-info/SOURCES.txt'
[5.307s] running build_ext
[5.308s] Creating /home/atlas/atlas_ws/install/atlas_basic/lib/python3.10/site-packages/atlas-basic.egg-link (link to .)
[5.313s] Installing odometry script to /home/atlas/atlas_ws/install/atlas_basic/lib/atlas_basic
[5.314s] Installing teleop script to /home/atlas/atlas_ws/install/atlas_basic/lib/atlas_basic
[5.315s] Installing wheel_control script to /home/atlas/atlas_ws/install/atlas_basic/lib/atlas_basic
[5.316s] 
[5.317s] Installed /home/atlas/atlas_ws/build/atlas_basic
[5.318s] running install_data
[5.319s] error: can't copy 'launch_teleop.py': doesn't exist or not a regular file
[5.455s] Invoked command in '/home/atlas/atlas_ws/build/atlas_basic' returned '1': PYTHONPATH=/home/atlas/atlas_ws/install/atlas_basic/lib/python3.10/site-packages:${PYTHONPATH} /usr/bin/python3 setup.py develop --prefix /home/atlas/atlas_ws/install/atlas_basic --editable --build-directory /home/atlas/atlas_ws/build/atlas_basic/build --no-deps install_data --install-dir /home/atlas/atlas_ws/install/atlas_basic
