[3.235s] Invoking command in '/home/atlas/atlas_ws/build/atlas_basic': PYTHONPATH=/home/atlas/atlas_ws/install/atlas_basic/lib/python3.10/site-packages:${PYTHONPATH} /usr/bin/python3 setup.py develop --prefix /home/atlas/atlas_ws/install/atlas_basic --editable --build-directory /home/atlas/atlas_ws/build/atlas_basic/build --no-deps install_data --install-dir /home/atlas/atlas_ws/install/atlas_basic
[4.476s] running develop
[5.163s] running egg_info
[5.163s] writing atlas_basic.egg-info/PKG-INFO
[5.164s] writing dependency_links to atlas_basic.egg-info/dependency_links.txt
[5.165s] writing entry points to atlas_basic.egg-info/entry_points.txt
[5.166s] writing requirements to atlas_basic.egg-info/requires.txt
[5.167s] writing top-level names to atlas_basic.egg-info/top_level.txt
[5.175s] reading manifest file 'atlas_basic.egg-info/SOURCES.txt'
[5.178s] writing manifest file 'atlas_basic.egg-info/SOURCES.txt'
[5.184s] running build_ext
[5.185s] Creating /home/atlas/atlas_ws/install/atlas_basic/lib/python3.10/site-packages/atlas-basic.egg-link (link to .)
[5.189s] Installing odometry script to /home/atlas/atlas_ws/install/atlas_basic/lib/atlas_basic
[5.190s] Installing teleop script to /home/atlas/atlas_ws/install/atlas_basic/lib/atlas_basic
[5.191s] Installing wheel_control script to /home/atlas/atlas_ws/install/atlas_basic/lib/atlas_basic
[5.192s] 
[5.193s] Installed /home/atlas/atlas_ws/build/atlas_basic
[5.194s] running install_data
[5.195s] warning: install_data: setup script did not provide a directory for 'launch/launch_teleop.py' -- installing right in '/home/atlas/atlas_ws/install/atlas_basic'
[5.196s] 
[5.332s] Invoked command in '/home/atlas/atlas_ws/build/atlas_basic' returned '0': PYTHONPATH=/home/atlas/atlas_ws/install/atlas_basic/lib/python3.10/site-packages:${PYTHONPATH} /usr/bin/python3 setup.py develop --prefix /home/atlas/atlas_ws/install/atlas_basic --editable --build-directory /home/atlas/atlas_ws/build/atlas_basic/build --no-deps install_data --install-dir /home/atlas/atlas_ws/install/atlas_basic
