[3.600s] Invoking command in '/home/atlas/atlas_ws/build/atlas_basic': PYTHONPATH=/home/atlas/atlas_ws/install/atlas_basic/lib/python3.10/site-packages:${PYTHONPATH} /usr/bin/python3 setup.py develop --prefix /home/atlas/atlas_ws/install/atlas_basic --editable --build-directory /home/atlas/atlas_ws/build/atlas_basic/build --no-deps install_data --install-dir /home/atlas/atlas_ws/install/atlas_basic
[4.837s] running develop
[5.516s] running egg_info
[5.516s] writing atlas_basic.egg-info/PKG-INFO
[5.517s] writing dependency_links to atlas_basic.egg-info/dependency_links.txt
[5.519s] writing entry points to atlas_basic.egg-info/entry_points.txt
[5.520s] writing requirements to atlas_basic.egg-info/requires.txt
[5.520s] writing top-level names to atlas_basic.egg-info/top_level.txt
[5.528s] reading manifest file 'atlas_basic.egg-info/SOURCES.txt'
[5.531s] writing manifest file 'atlas_basic.egg-info/SOURCES.txt'
[5.537s] running build_ext
[5.538s] Creating /home/atlas/atlas_ws/install/atlas_basic/lib/python3.10/site-packages/atlas-basic.egg-link (link to .)
[5.542s] Installing odometry script to /home/atlas/atlas_ws/install/atlas_basic/lib/atlas_basic
[5.543s] Installing teleop script to /home/atlas/atlas_ws/install/atlas_basic/lib/atlas_basic
[5.544s] Installing wheel_control script to /home/atlas/atlas_ws/install/atlas_basic/lib/atlas_basic
[5.545s] 
[5.546s] Installed /home/atlas/atlas_ws/build/atlas_basic
[5.547s] running install_data
[5.549s] warning: install_data: setup script did not provide a directory for 'launch/launch_teleop.py' -- installing right in '/home/atlas/atlas_ws/install/atlas_basic'
[5.550s] 
[5.690s] Invoked command in '/home/atlas/atlas_ws/build/atlas_basic' returned '0': PYTHONPATH=/home/atlas/atlas_ws/install/atlas_basic/lib/python3.10/site-packages:${PYTHONPATH} /usr/bin/python3 setup.py develop --prefix /home/atlas/atlas_ws/install/atlas_basic --editable --build-directory /home/atlas/atlas_ws/build/atlas_basic/build --no-deps install_data --install-dir /home/atlas/atlas_ws/install/atlas_basic
