[3.510s] Invoking command in '/home/atlas/atlas_ws/build/atlas_basic': PYTHONPATH=/home/atlas/atlas_ws/install/atlas_basic/lib/python3.10/site-packages:${PYTHONPATH} /usr/bin/python3 setup.py develop --prefix /home/atlas/atlas_ws/install/atlas_basic --editable --build-directory /home/atlas/atlas_ws/build/atlas_basic/build --no-deps install_data --install-dir /home/atlas/atlas_ws/install/atlas_basic
[4.753s] running develop
[5.437s] running egg_info
[5.438s] writing atlas_basic.egg-info/PKG-INFO
[5.439s] writing dependency_links to atlas_basic.egg-info/dependency_links.txt
[5.440s] writing entry points to atlas_basic.egg-info/entry_points.txt
[5.441s] writing requirements to atlas_basic.egg-info/requires.txt
[5.441s] writing top-level names to atlas_basic.egg-info/top_level.txt
[5.448s] package init file 'launch/__init__.py' not found (or not a regular file)
[5.450s] reading manifest file 'atlas_basic.egg-info/SOURCES.txt'
[5.453s] writing manifest file 'atlas_basic.egg-info/SOURCES.txt'
[5.459s] running build_ext
[5.461s] Creating /home/atlas/atlas_ws/install/atlas_basic/lib/python3.10/site-packages/atlas-basic.egg-link (link to .)
[5.465s] Installing odometry script to /home/atlas/atlas_ws/install/atlas_basic/lib/atlas_basic
[5.465s] Installing teleop script to /home/atlas/atlas_ws/install/atlas_basic/lib/atlas_basic
[5.467s] Installing wheel_control script to /home/atlas/atlas_ws/install/atlas_basic/lib/atlas_basic
[5.468s] 
[5.469s] Installed /home/atlas/atlas_ws/build/atlas_basic
[5.469s] running install_data
[5.611s] Invoked command in '/home/atlas/atlas_ws/build/atlas_basic' returned '0': PYTHONPATH=/home/atlas/atlas_ws/install/atlas_basic/lib/python3.10/site-packages:${PYTHONPATH} /usr/bin/python3 setup.py develop --prefix /home/atlas/atlas_ws/install/atlas_basic --editable --build-directory /home/atlas/atlas_ws/build/atlas_basic/build --no-deps install_data --install-dir /home/atlas/atlas_ws/install/atlas_basic
