[3.347s] Invoking command in '/home/atlas/atlas_ws/build/atlas_basic': PYTHONPATH=/home/atlas/atlas_ws/install/atlas_basic/lib/python3.10/site-packages:${PYTHONPATH} /usr/bin/python3 setup.py develop --prefix /home/atlas/atlas_ws/install/atlas_basic --editable --build-directory /home/atlas/atlas_ws/build/atlas_basic/build --no-deps install_data --install-dir /home/atlas/atlas_ws/install/atlas_basic
[4.577s] running develop
[5.253s] running egg_info
[5.254s] writing atlas_basic.egg-info/PKG-INFO
[5.255s] writing dependency_links to atlas_basic.egg-info/dependency_links.txt
[5.256s] writing entry points to atlas_basic.egg-info/entry_points.txt
[5.257s] writing requirements to atlas_basic.egg-info/requires.txt
[5.257s] writing top-level names to atlas_basic.egg-info/top_level.txt
[5.265s] reading manifest file 'atlas_basic.egg-info/SOURCES.txt'
[5.268s] writing manifest file 'atlas_basic.egg-info/SOURCES.txt'
[5.274s] running build_ext
[5.275s] Creating /home/atlas/atlas_ws/install/atlas_basic/lib/python3.10/site-packages/atlas-basic.egg-link (link to .)
[5.279s] Installing odometry script to /home/atlas/atlas_ws/install/atlas_basic/lib/atlas_basic
[5.280s] Installing teleop script to /home/atlas/atlas_ws/install/atlas_basic/lib/atlas_basic
[5.281s] Installing wheel_control script to /home/atlas/atlas_ws/install/atlas_basic/lib/atlas_basic
[5.282s] 
[5.283s] Installed /home/atlas/atlas_ws/build/atlas_basic
[5.284s] running install_data
[5.285s] warning: install_data: setup script did not provide a directory for 'launch' -- installing right in '/home/atlas/atlas_ws/install/atlas_basic'
[5.287s] 
[5.288s] error: can't copy 'launch': doesn't exist or not a regular file
[5.419s] Invoked command in '/home/atlas/atlas_ws/build/atlas_basic' returned '1': PYTHONPATH=/home/atlas/atlas_ws/install/atlas_basic/lib/python3.10/site-packages:${PYTHONPATH} /usr/bin/python3 setup.py develop --prefix /home/atlas/atlas_ws/install/atlas_basic --editable --build-directory /home/atlas/atlas_ws/build/atlas_basic/build --no-deps install_data --install-dir /home/atlas/atlas_ws/install/atlas_basic
