[3.550s] Invoking command in '/home/atlas/atlas_ws/build/atlas_basic': PYTHONPATH=/home/atlas/atlas_ws/install/atlas_basic/lib/python3.10/site-packages:${PYTHONPATH} /usr/bin/python3 setup.py develop --prefix /home/atlas/atlas_ws/install/atlas_basic --editable --build-directory /home/atlas/atlas_ws/build/atlas_basic/build --no-deps install_data --install-dir /home/atlas/atlas_ws/install/atlas_basic
[4.777s] running develop
[5.454s] running egg_info
[5.455s] writing atlas_basic.egg-info/PKG-INFO
[5.456s] writing dependency_links to atlas_basic.egg-info/dependency_links.txt
[5.457s] writing entry points to atlas_basic.egg-info/entry_points.txt
[5.458s] writing requirements to atlas_basic.egg-info/requires.txt
[5.459s] writing top-level names to atlas_basic.egg-info/top_level.txt
[5.466s] reading manifest file 'atlas_basic.egg-info/SOURCES.txt'
[5.470s] writing manifest file 'atlas_basic.egg-info/SOURCES.txt'
[5.475s] running build_ext
[5.476s] Creating /home/atlas/atlas_ws/install/atlas_basic/lib/python3.10/site-packages/atlas-basic.egg-link (link to .)
[5.480s] Installing odometry script to /home/atlas/atlas_ws/install/atlas_basic/lib/atlas_basic
[5.481s] Installing teleop script to /home/atlas/atlas_ws/install/atlas_basic/lib/atlas_basic
[5.482s] Installing wheel_control script to /home/atlas/atlas_ws/install/atlas_basic/lib/atlas_basic
[5.484s] 
[5.484s] Installed /home/atlas/atlas_ws/build/atlas_basic
[5.485s] running install_data
[5.486s] copying launch/teleop.launch.py -> /home/atlas/atlas_ws/install/atlas_basic/share/atlas_basic
[5.628s] Invoked command in '/home/atlas/atlas_ws/build/atlas_basic' returned '0': PYTHONPATH=/home/atlas/atlas_ws/install/atlas_basic/lib/python3.10/site-packages:${PYTHONPATH} /usr/bin/python3 setup.py develop --prefix /home/atlas/atlas_ws/install/atlas_basic --editable --build-directory /home/atlas/atlas_ws/build/atlas_basic/build --no-deps install_data --install-dir /home/atlas/atlas_ws/install/atlas_basic
