[3.364s] Invoking command in '/home/atlas/atlas_ws/build/atlas_basic': PYTHONPATH=/home/atlas/atlas_ws/install/atlas_basic/lib/python3.10/site-packages:${PYTHONPATH} /usr/bin/python3 setup.py develop --prefix /home/atlas/atlas_ws/install/atlas_basic --editable --build-directory /home/atlas/atlas_ws/build/atlas_basic/build --no-deps install_data --install-dir /home/atlas/atlas_ws/install/atlas_basic
[4.619s] running develop
[5.296s] running egg_info
[5.297s] writing atlas_basic.egg-info/PKG-INFO
[5.298s] writing dependency_links to atlas_basic.egg-info/dependency_links.txt
[5.299s] writing entry points to atlas_basic.egg-info/entry_points.txt
[5.300s] writing requirements to atlas_basic.egg-info/requires.txt
[5.300s] writing top-level names to atlas_basic.egg-info/top_level.txt
[5.309s] reading manifest file 'atlas_basic.egg-info/SOURCES.txt'
[5.313s] writing manifest file 'atlas_basic.egg-info/SOURCES.txt'
[5.320s] running build_ext
[5.321s] Creating /home/atlas/atlas_ws/install/atlas_basic/lib/python3.10/site-packages/atlas-basic.egg-link (link to .)
[5.326s] Installing odometry script to /home/atlas/atlas_ws/install/atlas_basic/lib/atlas_basic
[5.327s] Installing teleop script to /home/atlas/atlas_ws/install/atlas_basic/lib/atlas_basic
[5.328s] Installing wheel_control script to /home/atlas/atlas_ws/install/atlas_basic/lib/atlas_basic
[5.330s] 
[5.331s] Installed /home/atlas/atlas_ws/build/atlas_basic
[5.332s] running install_data
[5.333s] creating /home/atlas/atlas_ws/install/atlas_basic/launch
[5.334s] creating /home/atlas/atlas_ws/install/atlas_basic/launch/launch_teleop.py
[5.336s] error: can't copy 'launch_teleop.py': doesn't exist or not a regular file
[5.468s] Invoked command in '/home/atlas/atlas_ws/build/atlas_basic' returned '1': PYTHONPATH=/home/atlas/atlas_ws/install/atlas_basic/lib/python3.10/site-packages:${PYTHONPATH} /usr/bin/python3 setup.py develop --prefix /home/atlas/atlas_ws/install/atlas_basic --editable --build-directory /home/atlas/atlas_ws/build/atlas_basic/build --no-deps install_data --install-dir /home/atlas/atlas_ws/install/atlas_basic
