[3.392s] Invoking command in '/home/atlas/atlas_ws/build/atlas_basic': PYTHONPATH=/home/atlas/atlas_ws/install/atlas_basic/lib/python3.10/site-packages:${PYTHONPATH} /usr/bin/python3 setup.py develop --prefix /home/atlas/atlas_ws/install/atlas_basic --editable --build-directory /home/atlas/atlas_ws/build/atlas_basic/build --no-deps install_data --install-dir /home/atlas/atlas_ws/install/atlas_basic
[4.653s] running develop
[5.344s] running egg_info
[5.345s] writing atlas_basic.egg-info/PKG-INFO
[5.346s] writing dependency_links to atlas_basic.egg-info/dependency_links.txt
[5.347s] writing entry points to atlas_basic.egg-info/entry_points.txt
[5.349s] writing requirements to atlas_basic.egg-info/requires.txt
[5.350s] writing top-level names to atlas_basic.egg-info/top_level.txt
[5.358s] reading manifest file 'atlas_basic.egg-info/SOURCES.txt'
[5.361s] writing manifest file 'atlas_basic.egg-info/SOURCES.txt'
[5.367s] running build_ext
[5.368s] Creating /home/atlas/atlas_ws/install/atlas_basic/lib/python3.10/site-packages/atlas-basic.egg-link (link to .)
[5.372s] Installing odometry script to /home/atlas/atlas_ws/install/atlas_basic/lib/atlas_basic
[5.373s] Installing teleop script to /home/atlas/atlas_ws/install/atlas_basic/lib/atlas_basic
[5.374s] Installing wheel_control script to /home/atlas/atlas_ws/install/atlas_basic/lib/atlas_basic
[5.375s] 
[5.376s] Installed /home/atlas/atlas_ws/build/atlas_basic
[5.377s] running install_data
[5.378s] warning: install_data: setup script did not provide a directory for 'launch/' -- installing right in '/home/atlas/atlas_ws/install/atlas_basic'
[5.379s] 
[5.381s] error: can't copy 'launch/': doesn't exist or not a regular file
[5.514s] Invoked command in '/home/atlas/atlas_ws/build/atlas_basic' returned '1': PYTHONPATH=/home/atlas/atlas_ws/install/atlas_basic/lib/python3.10/site-packages:${PYTHONPATH} /usr/bin/python3 setup.py develop --prefix /home/atlas/atlas_ws/install/atlas_basic --editable --build-directory /home/atlas/atlas_ws/build/atlas_basic/build --no-deps install_data --install-dir /home/atlas/atlas_ws/install/atlas_basic
