running egg_info
creating ../../build/atlas_basic/atlas_basic.egg-info
writing ../../build/atlas_basic/atlas_basic.egg-info/PKG-INFO
writing dependency_links to ../../build/atlas_basic/atlas_basic.egg-info/dependency_links.txt
writing entry points to ../../build/atlas_basic/atlas_basic.egg-info/entry_points.txt
writing requirements to ../../build/atlas_basic/atlas_basic.egg-info/requires.txt
writing top-level names to ../../build/atlas_basic/atlas_basic.egg-info/top_level.txt
writing manifest file '../../build/atlas_basic/atlas_basic.egg-info/SOURCES.txt'
reading manifest file '../../build/atlas_basic/atlas_basic.egg-info/SOURCES.txt'
writing manifest file '../../build/atlas_basic/atlas_basic.egg-info/SOURCES.txt'
running build
running build_py
creating /home/atlas/atlas_ws/build/atlas_basic/build
creating /home/atlas/atlas_ws/build/atlas_basic/build/lib
creating /home/atlas/atlas_ws/build/atlas_basic/build/lib/atlas_basic
copying atlas_basic/hello_world.py -> /home/atlas/atlas_ws/build/atlas_basic/build/lib/atlas_basic
copying atlas_basic/__init__.py -> /home/atlas/atlas_ws/build/atlas_basic/build/lib/atlas_basic
running install
/usr/lib/python3/dist-packages/setuptools/command/install.py:34: SetuptoolsDeprecationWarning: setup.py install is deprecated. Use build and pip and other standards-based tools.
  warnings.warn(
running install_lib
creating /home/atlas/atlas_ws/install/atlas_basic/lib/python3.10/site-packages/atlas_basic
copying /home/atlas/atlas_ws/build/atlas_basic/build/lib/atlas_basic/hello_world.py -> /home/atlas/atlas_ws/install/atlas_basic/lib/python3.10/site-packages/atlas_basic
copying /home/atlas/atlas_ws/build/atlas_basic/build/lib/atlas_basic/__init__.py -> /home/atlas/atlas_ws/install/atlas_basic/lib/python3.10/site-packages/atlas_basic
byte-compiling /home/atlas/atlas_ws/install/atlas_basic/lib/python3.10/site-packages/atlas_basic/hello_world.py to hello_world.cpython-310.pyc
byte-compiling /home/atlas/atlas_ws/install/atlas_basic/lib/python3.10/site-packages/atlas_basic/__init__.py to __init__.cpython-310.pyc
running install_data
creating /home/atlas/atlas_ws/install/atlas_basic/share/ament_index
creating /home/atlas/atlas_ws/install/atlas_basic/share/ament_index/resource_index
creating /home/atlas/atlas_ws/install/atlas_basic/share/ament_index/resource_index/packages
copying resource/atlas_basic -> /home/atlas/atlas_ws/install/atlas_basic/share/ament_index/resource_index/packages
copying package.xml -> /home/atlas/atlas_ws/install/atlas_basic/share/atlas_basic
running install_egg_info
Copying ../../build/atlas_basic/atlas_basic.egg-info to /home/atlas/atlas_ws/install/atlas_basic/lib/python3.10/site-packages/atlas_basic-0.0.0-py3.10.egg-info
running install_scripts
Installing hello_world script to /home/atlas/atlas_ws/install/atlas_basic/lib/atlas_basic
writing list of installed files to '/home/atlas/atlas_ws/build/atlas_basic/install.log'
