[2.855s] Invoking command in '/home/atlas/atlas_ws/src/atlas_basic': PYTHONPATH=/home/atlas/atlas_ws/install/atlas_basic/lib/python3.10/site-packages:${PYTHONPATH} /usr/bin/python3 setup.py egg_info --egg-base ../../build/atlas_basic build --build-base /home/atlas/atlas_ws/build/atlas_basic/build install --prefix /home/atlas/atlas_ws/install/atlas_basic --record /home/atlas/atlas_ws/build/atlas_basic/install.log --single-version-externally-managed
[3.871s] running egg_info
[3.873s] creating ../../build/atlas_basic/atlas_basic.egg-info
[3.874s] writing ../../build/atlas_basic/atlas_basic.egg-info/PKG-INFO
[3.876s] writing dependency_links to ../../build/atlas_basic/atlas_basic.egg-info/dependency_links.txt
[3.877s] writing entry points to ../../build/atlas_basic/atlas_basic.egg-info/entry_points.txt
[3.878s] writing requirements to ../../build/atlas_basic/atlas_basic.egg-info/requires.txt
[3.879s] writing top-level names to ../../build/atlas_basic/atlas_basic.egg-info/top_level.txt
[3.880s] writing manifest file '../../build/atlas_basic/atlas_basic.egg-info/SOURCES.txt'
[3.885s] reading manifest file '../../build/atlas_basic/atlas_basic.egg-info/SOURCES.txt'
[3.889s] writing manifest file '../../build/atlas_basic/atlas_basic.egg-info/SOURCES.txt'
[3.890s] running build
[3.891s] running build_py
[3.892s] creating /home/atlas/atlas_ws/build/atlas_basic/build
[3.893s] creating /home/atlas/atlas_ws/build/atlas_basic/build/lib
[3.893s] creating /home/atlas/atlas_ws/build/atlas_basic/build/lib/atlas_basic
[3.894s] copying atlas_basic/hello_world.py -> /home/atlas/atlas_ws/build/atlas_basic/build/lib/atlas_basic
[3.894s] copying atlas_basic/__init__.py -> /home/atlas/atlas_ws/build/atlas_basic/build/lib/atlas_basic
[3.895s] running install
[3.896s] /usr/lib/python3/dist-packages/setuptools/command/install.py:34: SetuptoolsDeprecationWarning: setup.py install is deprecated. Use build and pip and other standards-based tools.
[3.897s]   warnings.warn(
[3.897s] running install_lib
[3.901s] creating /home/atlas/atlas_ws/install/atlas_basic/lib/python3.10/site-packages/atlas_basic
[3.901s] copying /home/atlas/atlas_ws/build/atlas_basic/build/lib/atlas_basic/hello_world.py -> /home/atlas/atlas_ws/install/atlas_basic/lib/python3.10/site-packages/atlas_basic
[3.902s] copying /home/atlas/atlas_ws/build/atlas_basic/build/lib/atlas_basic/__init__.py -> /home/atlas/atlas_ws/install/atlas_basic/lib/python3.10/site-packages/atlas_basic
[3.905s] byte-compiling /home/atlas/atlas_ws/install/atlas_basic/lib/python3.10/site-packages/atlas_basic/hello_world.py to hello_world.cpython-310.pyc
[3.907s] byte-compiling /home/atlas/atlas_ws/install/atlas_basic/lib/python3.10/site-packages/atlas_basic/__init__.py to __init__.cpython-310.pyc
[3.908s] running install_data
[3.911s] creating /home/atlas/atlas_ws/install/atlas_basic/share/ament_index
[3.912s] creating /home/atlas/atlas_ws/install/atlas_basic/share/ament_index/resource_index
[3.912s] creating /home/atlas/atlas_ws/install/atlas_basic/share/ament_index/resource_index/packages
[3.913s] copying resource/atlas_basic -> /home/atlas/atlas_ws/install/atlas_basic/share/ament_index/resource_index/packages
[3.913s] copying package.xml -> /home/atlas/atlas_ws/install/atlas_basic/share/atlas_basic
[3.914s] running install_egg_info
[3.920s] Copying ../../build/atlas_basic/atlas_basic.egg-info to /home/atlas/atlas_ws/install/atlas_basic/lib/python3.10/site-packages/atlas_basic-0.0.0-py3.10.egg-info
[3.927s] running install_scripts
[4.020s] Installing hello_world script to /home/atlas/atlas_ws/install/atlas_basic/lib/atlas_basic
[4.022s] writing list of installed files to '/home/atlas/atlas_ws/build/atlas_basic/install.log'
[4.132s] Invoked command in '/home/atlas/atlas_ws/src/atlas_basic' returned '0': PYTHONPATH=/home/atlas/atlas_ws/install/atlas_basic/lib/python3.10/site-packages:${PYTHONPATH} /usr/bin/python3 setup.py egg_info --egg-base ../../build/atlas_basic build --build-base /home/atlas/atlas_ws/build/atlas_basic/build install --prefix /home/atlas/atlas_ws/install/atlas_basic --record /home/atlas/atlas_ws/build/atlas_basic/install.log --single-version-externally-managed
