[0.685s] DEBUG:colcon:Command line arguments: ['/usr/bin/colcon', 'build', '--symlink-install']
[0.685s] DEBUG:colcon:Parsed command line arguments: Namespace(log_base=None, log_level=None, verb_name='build', build_base='build', install_base='install', merge_install=False, symlink_install=True, test_result_base=None, continue_on_error=False, executor='parallel', parallel_workers=4, event_handlers=None, ignore_user_meta=False, metas=['./colcon.meta'], base_paths=['.'], packages_ignore=None, packages_ignore_regex=None, paths=None, packages_up_to=None, packages_up_to_regex=None, packages_above=None, packages_above_and_dependencies=None, packages_above_depth=None, packages_select_by_dep=None, packages_skip_by_dep=None, packages_skip_up_to=None, packages_select_build_failed=False, packages_skip_build_finished=False, packages_select_test_failures=False, packages_skip_test_passed=False, packages_select=None, packages_skip=None, packages_select_regex=None, packages_skip_regex=None, packages_start=None, packages_end=None, allow_overriding=[], cmake_args=None, cmake_target=None, cmake_target_skip_unavailable=False, cmake_clean_cache=False, cmake_clean_first=False, cmake_force_configure=False, ament_cmake_args=None, catkin_cmake_args=None, catkin_skip_building_tests=False, verb_parser=<colcon_defaults.argument_parser.defaults.DefaultArgumentsDecorator object at 0xffff99f3abf0>, verb_extension=<colcon_core.verb.build.BuildVerb object at 0xffff99f3a680>, main=<bound method BuildVerb.main of <colcon_core.verb.build.BuildVerb object at 0xffff99f3a680>>)
[0.795s] Level 1:colcon.colcon_core.package_discovery:discover_packages(colcon_meta) check parameters
[0.796s] Level 1:colcon.colcon_core.package_discovery:discover_packages(recursive) check parameters
[0.796s] Level 1:colcon.colcon_core.package_discovery:discover_packages(ignore) check parameters
[0.796s] Level 1:colcon.colcon_core.package_discovery:discover_packages(path) check parameters
[0.796s] Level 1:colcon.colcon_core.package_discovery:discover_packages(colcon_meta) discover
[0.797s] Level 1:colcon.colcon_core.package_discovery:discover_packages(recursive) discover
[0.797s] INFO:colcon.colcon_core.package_discovery:Crawling recursively for packages in '/home/atlas/atlas_ws'
[0.797s] Level 1:colcon.colcon_core.package_identification:_identify(.) by extensions ['ignore', 'ignore_ament_install']
[0.798s] Level 1:colcon.colcon_core.package_identification:_identify(.) by extension 'ignore'
[0.798s] Level 1:colcon.colcon_core.package_identification:_identify(.) by extension 'ignore_ament_install'
[0.798s] Level 1:colcon.colcon_core.package_identification:_identify(.) by extensions ['colcon_pkg']
[0.799s] Level 1:colcon.colcon_core.package_identification:_identify(.) by extension 'colcon_pkg'
[0.799s] Level 1:colcon.colcon_core.package_identification:_identify(.) by extensions ['colcon_meta']
[0.799s] Level 1:colcon.colcon_core.package_identification:_identify(.) by extension 'colcon_meta'
[0.799s] Level 1:colcon.colcon_core.package_identification:_identify(.) by extensions ['ros']
[0.799s] Level 1:colcon.colcon_core.package_identification:_identify(.) by extension 'ros'
[0.882s] Level 1:colcon.colcon_core.package_identification:_identify(.) by extensions ['cmake', 'python']
[0.883s] Level 1:colcon.colcon_core.package_identification:_identify(.) by extension 'cmake'
[0.883s] Level 1:colcon.colcon_core.package_identification:_identify(.) by extension 'python'
[0.883s] Level 1:colcon.colcon_core.package_identification:_identify(.) by extensions ['python_setup_py']
[0.883s] Level 1:colcon.colcon_core.package_identification:_identify(.) by extension 'python_setup_py'
[0.884s] Level 1:colcon.colcon_core.package_identification:_identify(build) by extensions ['ignore', 'ignore_ament_install']
[0.884s] Level 1:colcon.colcon_core.package_identification:_identify(build) by extension 'ignore'
[0.885s] Level 1:colcon.colcon_core.package_identification:_identify(build) ignored
[0.885s] Level 1:colcon.colcon_core.package_identification:_identify(install) by extensions ['ignore', 'ignore_ament_install']
[0.886s] Level 1:colcon.colcon_core.package_identification:_identify(install) by extension 'ignore'
[0.886s] Level 1:colcon.colcon_core.package_identification:_identify(install) ignored
[0.887s] Level 1:colcon.colcon_core.package_identification:_identify(log) by extensions ['ignore', 'ignore_ament_install']
[0.887s] Level 1:colcon.colcon_core.package_identification:_identify(log) by extension 'ignore'
[0.887s] Level 1:colcon.colcon_core.package_identification:_identify(log) ignored
[0.888s] Level 1:colcon.colcon_core.package_identification:_identify(src) by extensions ['ignore', 'ignore_ament_install']
[0.888s] Level 1:colcon.colcon_core.package_identification:_identify(src) by extension 'ignore'
[0.888s] Level 1:colcon.colcon_core.package_identification:_identify(src) by extension 'ignore_ament_install'
[0.889s] Level 1:colcon.colcon_core.package_identification:_identify(src) by extensions ['colcon_pkg']
[0.889s] Level 1:colcon.colcon_core.package_identification:_identify(src) by extension 'colcon_pkg'
[0.889s] Level 1:colcon.colcon_core.package_identification:_identify(src) by extensions ['colcon_meta']
[0.889s] Level 1:colcon.colcon_core.package_identification:_identify(src) by extension 'colcon_meta'
[0.890s] Level 1:colcon.colcon_core.package_identification:_identify(src) by extensions ['ros']
[0.890s] Level 1:colcon.colcon_core.package_identification:_identify(src) by extension 'ros'
[0.890s] Level 1:colcon.colcon_core.package_identification:_identify(src) by extensions ['cmake', 'python']
[0.890s] Level 1:colcon.colcon_core.package_identification:_identify(src) by extension 'cmake'
[0.890s] Level 1:colcon.colcon_core.package_identification:_identify(src) by extension 'python'
[0.891s] Level 1:colcon.colcon_core.package_identification:_identify(src) by extensions ['python_setup_py']
[0.891s] Level 1:colcon.colcon_core.package_identification:_identify(src) by extension 'python_setup_py'
[0.891s] Level 1:colcon.colcon_core.package_identification:_identify(src/atlas_basic) by extensions ['ignore', 'ignore_ament_install']
[0.892s] Level 1:colcon.colcon_core.package_identification:_identify(src/atlas_basic) by extension 'ignore'
[0.892s] Level 1:colcon.colcon_core.package_identification:_identify(src/atlas_basic) by extension 'ignore_ament_install'
[0.892s] Level 1:colcon.colcon_core.package_identification:_identify(src/atlas_basic) by extensions ['colcon_pkg']
[0.892s] Level 1:colcon.colcon_core.package_identification:_identify(src/atlas_basic) by extension 'colcon_pkg'
[0.893s] Level 1:colcon.colcon_core.package_identification:_identify(src/atlas_basic) by extensions ['colcon_meta']
[0.893s] Level 1:colcon.colcon_core.package_identification:_identify(src/atlas_basic) by extension 'colcon_meta'
[0.893s] Level 1:colcon.colcon_core.package_identification:_identify(src/atlas_basic) by extensions ['ros']
[0.893s] Level 1:colcon.colcon_core.package_identification:_identify(src/atlas_basic) by extension 'ros'
[0.903s] DEBUG:colcon.colcon_core.package_identification:Package 'src/atlas_basic' with type 'ros.ament_python' and name 'atlas_basic'
[0.903s] Level 1:colcon.colcon_core.package_discovery:discover_packages(recursive) using defaults
[0.904s] Level 1:colcon.colcon_core.package_discovery:discover_packages(ignore) discover
[0.904s] Level 1:colcon.colcon_core.package_discovery:discover_packages(ignore) using defaults
[0.904s] Level 1:colcon.colcon_core.package_discovery:discover_packages(path) discover
[0.904s] Level 1:colcon.colcon_core.package_discovery:discover_packages(path) using defaults
[1.012s] Level 1:colcon.colcon_core.package_discovery:discover_packages(prefix_path) check parameters
[1.013s] Level 1:colcon.colcon_core.package_discovery:discover_packages(prefix_path) discover
[1.026s] DEBUG:colcon.colcon_installed_package_information.package_discovery:Found 1 installed packages in /home/atlas/atlas_ws/install
[1.035s] DEBUG:colcon.colcon_installed_package_information.package_discovery:Found 180 installed packages in /opt/ros/humble
[1.040s] Level 1:colcon.colcon_core.package_discovery:discover_packages(prefix_path) using defaults
[1.236s] Level 5:colcon.colcon_core.verb:set package 'atlas_basic' build argument 'cmake_args' from command line to 'None'
[1.236s] Level 5:colcon.colcon_core.verb:set package 'atlas_basic' build argument 'cmake_target' from command line to 'None'
[1.236s] Level 5:colcon.colcon_core.verb:set package 'atlas_basic' build argument 'cmake_target_skip_unavailable' from command line to 'False'
[1.236s] Level 5:colcon.colcon_core.verb:set package 'atlas_basic' build argument 'cmake_clean_cache' from command line to 'False'
[1.237s] Level 5:colcon.colcon_core.verb:set package 'atlas_basic' build argument 'cmake_clean_first' from command line to 'False'
[1.237s] Level 5:colcon.colcon_core.verb:set package 'atlas_basic' build argument 'cmake_force_configure' from command line to 'False'
[1.237s] Level 5:colcon.colcon_core.verb:set package 'atlas_basic' build argument 'ament_cmake_args' from command line to 'None'
[1.237s] Level 5:colcon.colcon_core.verb:set package 'atlas_basic' build argument 'catkin_cmake_args' from command line to 'None'
[1.237s] Level 5:colcon.colcon_core.verb:set package 'atlas_basic' build argument 'catkin_skip_building_tests' from command line to 'False'
[1.237s] DEBUG:colcon.colcon_core.verb:Building package 'atlas_basic' with the following arguments: {'ament_cmake_args': None, 'build_base': '/home/atlas/atlas_ws/build/atlas_basic', 'catkin_cmake_args': None, 'catkin_skip_building_tests': False, 'cmake_args': None, 'cmake_clean_cache': False, 'cmake_clean_first': False, 'cmake_force_configure': False, 'cmake_target': None, 'cmake_target_skip_unavailable': False, 'install_base': '/home/atlas/atlas_ws/install/atlas_basic', 'merge_install': False, 'path': '/home/atlas/atlas_ws/src/atlas_basic', 'symlink_install': True, 'test_result_base': None}
[1.240s] INFO:colcon.colcon_core.executor:Executing jobs using 'parallel' executor
[1.257s] DEBUG:colcon.colcon_parallel_executor.executor.parallel:run_until_complete
[1.258s] INFO:colcon.colcon_ros.task.ament_python.build:Building ROS package in '/home/atlas/atlas_ws/src/atlas_basic' with build type 'ament_python'
[1.259s] Level 1:colcon.colcon_core.shell:create_environment_hook('atlas_basic', 'ament_prefix_path')
[1.281s] INFO:colcon.colcon_core.plugin_system:Skipping extension 'colcon_core.shell.bat': Not used on non-Windows systems
[1.282s] INFO:colcon.colcon_core.shell:Creating environment hook '/home/atlas/atlas_ws/install/atlas_basic/share/atlas_basic/hook/ament_prefix_path.ps1'
[1.285s] INFO:colcon.colcon_core.shell:Creating environment descriptor '/home/atlas/atlas_ws/install/atlas_basic/share/atlas_basic/hook/ament_prefix_path.dsv'
[1.287s] INFO:colcon.colcon_core.shell:Creating environment hook '/home/atlas/atlas_ws/install/atlas_basic/share/atlas_basic/hook/ament_prefix_path.sh'
[1.295s] INFO:colcon.colcon_core.shell:Skip shell extension 'powershell' for command environment: Not usable outside of PowerShell
[1.295s] DEBUG:colcon.colcon_core.shell:Skip shell extension 'dsv' for command environment
[2.916s] INFO:colcon.colcon_core.task.python.build:Building Python package in '/home/atlas/atlas_ws/src/atlas_basic'
[2.926s] INFO:colcon.colcon_core.shell:Skip shell extension 'powershell' for command environment: Not usable outside of PowerShell
[2.927s] DEBUG:colcon.colcon_core.shell:Skip shell extension 'dsv' for command environment
[5.059s] DEBUG:colcon.colcon_core.event_handler.log_command:Invoking command in '/home/atlas/atlas_ws/build/atlas_basic': PYTHONPATH=/home/atlas/atlas_ws/install/atlas_basic/lib/python3.10/site-packages:${PYTHONPATH} /usr/bin/python3 setup.py develop --prefix /home/atlas/atlas_ws/install/atlas_basic --editable --build-directory /home/atlas/atlas_ws/build/atlas_basic/build --no-deps install_data --install-dir /home/atlas/atlas_ws/install/atlas_basic
[7.182s] Level 1:colcon.colcon_core.shell:create_environment_hook('atlas_basic', 'pythonpath_develop')
[7.189s] INFO:colcon.colcon_core.shell:Creating environment hook '/home/atlas/atlas_ws/build/atlas_basic/share/atlas_basic/hook/pythonpath_develop.ps1'
[7.190s] DEBUG:colcon.colcon_core.event_handler.log_command:Invoked command in '/home/atlas/atlas_ws/build/atlas_basic' returned '0': PYTHONPATH=/home/atlas/atlas_ws/install/atlas_basic/lib/python3.10/site-packages:${PYTHONPATH} /usr/bin/python3 setup.py develop --prefix /home/atlas/atlas_ws/install/atlas_basic --editable --build-directory /home/atlas/atlas_ws/build/atlas_basic/build --no-deps install_data --install-dir /home/atlas/atlas_ws/install/atlas_basic
[7.193s] INFO:colcon.colcon_core.shell:Creating environment descriptor '/home/atlas/atlas_ws/build/atlas_basic/share/atlas_basic/hook/pythonpath_develop.dsv'
[7.195s] INFO:colcon.colcon_core.shell:Creating environment hook '/home/atlas/atlas_ws/build/atlas_basic/share/atlas_basic/hook/pythonpath_develop.sh'
[7.222s] Level 1:colcon.colcon_core.environment:checking '/home/atlas/atlas_ws/install/atlas_basic' for CMake module files
[7.225s] Level 1:colcon.colcon_core.environment:checking '/home/atlas/atlas_ws/install/atlas_basic' for CMake config files
[7.229s] Level 1:colcon.colcon_core.environment:checking '/home/atlas/atlas_ws/install/atlas_basic/lib'
[7.231s] Level 1:colcon.colcon_core.environment:checking '/home/atlas/atlas_ws/install/atlas_basic/bin'
[7.231s] Level 1:colcon.colcon_core.environment:checking '/home/atlas/atlas_ws/install/atlas_basic/lib/pkgconfig/atlas_basic.pc'
[7.233s] Level 1:colcon.colcon_core.environment:checking '/home/atlas/atlas_ws/install/atlas_basic/lib/python3.10/site-packages'
[7.233s] Level 1:colcon.colcon_core.shell:create_environment_hook('atlas_basic', 'pythonpath')
[7.239s] INFO:colcon.colcon_core.shell:Creating environment hook '/home/atlas/atlas_ws/install/atlas_basic/share/atlas_basic/hook/pythonpath.ps1'
[7.243s] INFO:colcon.colcon_core.shell:Creating environment descriptor '/home/atlas/atlas_ws/install/atlas_basic/share/atlas_basic/hook/pythonpath.dsv'
[7.245s] INFO:colcon.colcon_core.shell:Creating environment hook '/home/atlas/atlas_ws/install/atlas_basic/share/atlas_basic/hook/pythonpath.sh'
[7.248s] Level 1:colcon.colcon_core.environment:checking '/home/atlas/atlas_ws/install/atlas_basic/bin'
[7.249s] Level 1:colcon.colcon_core.environment:create_environment_scripts_only(atlas_basic)
[7.256s] INFO:colcon.colcon_core.shell:Creating package script '/home/atlas/atlas_ws/install/atlas_basic/share/atlas_basic/package.ps1'
[7.260s] INFO:colcon.colcon_core.shell:Creating package descriptor '/home/atlas/atlas_ws/install/atlas_basic/share/atlas_basic/package.dsv'
[7.263s] INFO:colcon.colcon_core.shell:Creating package script '/home/atlas/atlas_ws/install/atlas_basic/share/atlas_basic/package.sh'
[7.267s] INFO:colcon.colcon_core.shell:Creating package script '/home/atlas/atlas_ws/install/atlas_basic/share/atlas_basic/package.bash'
[7.271s] INFO:colcon.colcon_core.shell:Creating package script '/home/atlas/atlas_ws/install/atlas_basic/share/atlas_basic/package.zsh'
[7.274s] Level 1:colcon.colcon_core.environment:create_file_with_runtime_dependencies(/home/atlas/atlas_ws/install/atlas_basic/share/colcon-core/packages/atlas_basic)
[7.276s] DEBUG:colcon.colcon_parallel_executor.executor.parallel:closing loop
[7.277s] DEBUG:colcon.colcon_parallel_executor.executor.parallel:loop closed
[7.278s] DEBUG:colcon.colcon_parallel_executor.executor.parallel:run_until_complete finished with '0'
[7.278s] DEBUG:colcon.colcon_core.event_reactor:joining thread
[7.312s] INFO:colcon.colcon_core.plugin_system:Skipping extension 'colcon_notification.desktop_notification.notify_send': Could not find 'notify-send'
[7.313s] INFO:colcon.colcon_core.plugin_system:Skipping extension 'colcon_notification.desktop_notification.terminal_notifier': Not used on non-Darwin systems
[7.314s] INFO:colcon.colcon_core.plugin_system:Skipping extension 'colcon_notification.desktop_notification.win32': Not used on non-Windows systems
[7.314s] INFO:colcon.colcon_notification.desktop_notification:Sending desktop notification using 'notify2'
[7.318s] DEBUG:colcon.colcon_notification.desktop_notification.notify2:Failed to initialize notify2: org.freedesktop.DBus.Error.ServiceUnknown: The name org.freedesktop.Notifications was not provided by any .service files
[7.318s] DEBUG:colcon.colcon_core.event_reactor:joined thread
[7.324s] INFO:colcon.colcon_core.shell:Creating prefix script '/home/atlas/atlas_ws/install/local_setup.ps1'
[7.329s] INFO:colcon.colcon_core.shell:Creating prefix util module '/home/atlas/atlas_ws/install/_local_setup_util_ps1.py'
[7.335s] INFO:colcon.colcon_core.shell:Creating prefix chain script '/home/atlas/atlas_ws/install/setup.ps1'
[7.341s] INFO:colcon.colcon_core.shell:Creating prefix script '/home/atlas/atlas_ws/install/local_setup.sh'
[7.344s] INFO:colcon.colcon_core.shell:Creating prefix util module '/home/atlas/atlas_ws/install/_local_setup_util_sh.py'
[7.347s] INFO:colcon.colcon_core.shell:Creating prefix chain script '/home/atlas/atlas_ws/install/setup.sh'
[7.353s] INFO:colcon.colcon_core.shell:Creating prefix script '/home/atlas/atlas_ws/install/local_setup.bash'
[7.355s] INFO:colcon.colcon_core.shell:Creating prefix chain script '/home/atlas/atlas_ws/install/setup.bash'
[7.361s] INFO:colcon.colcon_core.shell:Creating prefix script '/home/atlas/atlas_ws/install/local_setup.zsh'
[7.364s] INFO:colcon.colcon_core.shell:Creating prefix chain script '/home/atlas/atlas_ws/install/setup.zsh'
