running develop
running egg_info
creating atlas_basic.egg-info
writing atlas_basic.egg-info/PKG-INFO
writing dependency_links to atlas_basic.egg-info/dependency_links.txt
writing entry points to atlas_basic.egg-info/entry_points.txt
writing requirements to atlas_basic.egg-info/requires.txt
writing top-level names to atlas_basic.egg-info/top_level.txt
writing manifest file 'atlas_basic.egg-info/SOURCES.txt'
reading manifest file 'atlas_basic.egg-info/SOURCES.txt'
writing manifest file 'atlas_basic.egg-info/SOURCES.txt'
running build_ext
Creating /home/atlas/atlas_ws/install/atlas_basic/lib/python3.10/site-packages/atlas-basic.egg-link (link to .)
Installing odometry script to /home/atlas/atlas_ws/install/atlas_basic/lib/atlas_basic
Installing wheel_control script to /home/atlas/atlas_ws/install/atlas_basic/lib/atlas_basic

Installed /home/atlas/atlas_ws/build/atlas_basic
running install_data
creating /home/atlas/atlas_ws/install/atlas_basic/share/ament_index
creating /home/atlas/atlas_ws/install/atlas_basic/share/ament_index/resource_index
creating /home/atlas/atlas_ws/install/atlas_basic/share/ament_index/resource_index/packages
copying resource/atlas_basic -> /home/atlas/atlas_ws/install/atlas_basic/share/ament_index/resource_index/packages
copying package.xml -> /home/atlas/atlas_ws/install/atlas_basic/share/atlas_basic
