[3.938s] Invoking command in '/home/atlas/atlas_ws/build/atlas_basic': PYTHONPATH=/home/atlas/atlas_ws/install/atlas_basic/lib/python3.10/site-packages:${PYTHONPATH} /usr/bin/python3 setup.py develop --prefix /home/atlas/atlas_ws/install/atlas_basic --editable --build-directory /home/atlas/atlas_ws/build/atlas_basic/build --no-deps install_data --install-dir /home/atlas/atlas_ws/install/atlas_basic
[5.664s] running develop
[6.704s] running egg_info
[6.707s] creating atlas_basic.egg-info
[6.708s] writing atlas_basic.egg-info/PKG-INFO
[6.710s] writing dependency_links to atlas_basic.egg-info/dependency_links.txt
[6.712s] writing entry points to atlas_basic.egg-info/entry_points.txt
[6.714s] writing requirements to atlas_basic.egg-info/requires.txt
[6.715s] writing top-level names to atlas_basic.egg-info/top_level.txt
[6.718s] writing manifest file 'atlas_basic.egg-info/SOURCES.txt'
[6.731s] reading manifest file 'atlas_basic.egg-info/SOURCES.txt'
[6.765s] writing manifest file 'atlas_basic.egg-info/SOURCES.txt'
[6.769s] running build_ext
[6.775s] Creating /home/atlas/atlas_ws/install/atlas_basic/lib/python3.10/site-packages/atlas-basic.egg-link (link to .)
[6.781s] Installing odometry script to /home/atlas/atlas_ws/install/atlas_basic/lib/atlas_basic
[6.785s] Installing wheel_control script to /home/atlas/atlas_ws/install/atlas_basic/lib/atlas_basic
[6.791s] 
[6.796s] Installed /home/atlas/atlas_ws/build/atlas_basic
[6.801s] running install_data
[6.805s] creating /home/atlas/atlas_ws/install/atlas_basic/share/ament_index
[6.825s] creating /home/atlas/atlas_ws/install/atlas_basic/share/ament_index/resource_index
[6.830s] creating /home/atlas/atlas_ws/install/atlas_basic/share/ament_index/resource_index/packages
[6.834s] copying resource/atlas_basic -> /home/atlas/atlas_ws/install/atlas_basic/share/ament_index/resource_index/packages
[6.836s] copying package.xml -> /home/atlas/atlas_ws/install/atlas_basic/share/atlas_basic
[6.971s] Invoked command in '/home/atlas/atlas_ws/build/atlas_basic' returned '0': PYTHONPATH=/home/atlas/atlas_ws/install/atlas_basic/lib/python3.10/site-packages:${PYTHONPATH} /usr/bin/python3 setup.py develop --prefix /home/atlas/atlas_ws/install/atlas_basic --editable --build-directory /home/atlas/atlas_ws/build/atlas_basic/build --no-deps install_data --install-dir /home/atlas/atlas_ws/install/atlas_basic
